Analysis & Synthesis report for game
Fri Dec 13 09:30:45 2019
Quartus II 64-Bit Version 13.0.1 Build 232 06/12/2013 Service Pack 1 SJ Web Edition


---------------------
; Table of Contents ;
---------------------
  1. Legal Notice
  2. Analysis & Synthesis Summary
  3. Analysis & Synthesis Settings
  4. Parallel Compilation
  5. Analysis & Synthesis Source Files Read
  6. Analysis & Synthesis Resource Usage Summary
  7. Analysis & Synthesis Resource Utilization by Entity
  8. State Machine - |game|s
  9. State Machine - |game|keyboard_press_driver:comb_10|count
 10. User-Specified and Inferred Latches
 11. Registers Removed During Synthesis
 12. Removed Registers Triggering Further Register Optimizations
 13. General Register Statistics
 14. Multiplexer Restructuring Statistics (Restructuring Performed)
 15. Parameter Settings for User Entity Instance: Top-level Entity: |game
 16. Parameter Settings for User Entity Instance: keyboard_press_driver:comb_10
 17. Parameter Settings for User Entity Instance: breakout_game:game1
 18. Parameter Settings for User Entity Instance: pong_game:game2
 19. Parameter Settings for Inferred Entity Instance: pong_game:game2|lpm_add_sub:Add9
 20. Parameter Settings for Inferred Entity Instance: breakout_game:game1|lpm_add_sub:Add7
 21. Parameter Settings for Inferred Entity Instance: pong_game:game2|lpm_add_sub:Add7
 22. Parameter Settings for Inferred Entity Instance: breakout_game:game1|lpm_add_sub:Add5
 23. Port Connectivity Checks: "keyboard_press_driver:comb_10"
 24. Port Connectivity Checks: "vga640x480:display"
 25. Elapsed Time Per Partition
 26. Analysis & Synthesis Messages
 27. Analysis & Synthesis Suppressed Messages



----------------
; Legal Notice ;
----------------
Copyright (C) 1991-2013 Altera Corporation
Your use of Altera Corporation's design tools, logic functions 
and other software and tools, and its AMPP partner logic 
functions, and any output files from any of the foregoing 
(including device programming or simulation files), and any 
associated documentation or information are expressly subject 
to the terms and conditions of the Altera Program License 
Subscription Agreement, Altera MegaCore Function License 
Agreement, or other applicable license agreement, including, 
without limitation, that your use is for the sole purpose of 
programming logic devices manufactured by Altera and sold by 
Altera or its authorized distributors.  Please refer to the 
applicable agreement for further details.



+--------------------------------------------------------------------------------------+
; Analysis & Synthesis Summary                                                         ;
+------------------------------------+-------------------------------------------------+
; Analysis & Synthesis Status        ; Successful - Fri Dec 13 09:30:45 2019           ;
; Quartus II 64-Bit Version          ; 13.0.1 Build 232 06/12/2013 SP 1 SJ Web Edition ;
; Revision Name                      ; game                                            ;
; Top-level Entity Name              ; game                                            ;
; Family                             ; Cyclone II                                      ;
; Total logic elements               ; 1,212                                           ;
;     Total combinational functions  ; 1,212                                           ;
;     Dedicated logic registers      ; 145                                             ;
; Total registers                    ; 145                                             ;
; Total pins                         ; 36                                              ;
; Total virtual pins                 ; 0                                               ;
; Total memory bits                  ; 0                                               ;
; Embedded Multiplier 9-bit elements ; 0                                               ;
; Total PLLs                         ; 0                                               ;
+------------------------------------+-------------------------------------------------+


+----------------------------------------------------------------------------------------------------------------------+
; Analysis & Synthesis Settings                                                                                        ;
+----------------------------------------------------------------------------+--------------------+--------------------+
; Option                                                                     ; Setting            ; Default Value      ;
+----------------------------------------------------------------------------+--------------------+--------------------+
; Device                                                                     ; EP2C20F484C7       ;                    ;
; Top-level entity name                                                      ; game               ; game               ;
; Family name                                                                ; Cyclone II         ; Cyclone IV GX      ;
; Use smart compilation                                                      ; Off                ; Off                ;
; Enable parallel Assembler and TimeQuest Timing Analyzer during compilation ; On                 ; On                 ;
; Enable compact report table                                                ; Off                ; Off                ;
; Restructure Multiplexers                                                   ; Auto               ; Auto               ;
; Create Debugging Nodes for IP Cores                                        ; Off                ; Off                ;
; Preserve fewer node names                                                  ; On                 ; On                 ;
; Disable OpenCore Plus hardware evaluation                                  ; Off                ; Off                ;
; Verilog Version                                                            ; Verilog_2001       ; Verilog_2001       ;
; VHDL Version                                                               ; VHDL_1993          ; VHDL_1993          ;
; State Machine Processing                                                   ; Auto               ; Auto               ;
; Safe State Machine                                                         ; Off                ; Off                ;
; Extract Verilog State Machines                                             ; On                 ; On                 ;
; Extract VHDL State Machines                                                ; On                 ; On                 ;
; Ignore Verilog initial constructs                                          ; Off                ; Off                ;
; Iteration limit for constant Verilog loops                                 ; 5000               ; 5000               ;
; Iteration limit for non-constant Verilog loops                             ; 250                ; 250                ;
; Add Pass-Through Logic to Inferred RAMs                                    ; On                 ; On                 ;
; Infer RAMs from Raw Logic                                                  ; On                 ; On                 ;
; Parallel Synthesis                                                         ; On                 ; On                 ;
; DSP Block Balancing                                                        ; Auto               ; Auto               ;
; NOT Gate Push-Back                                                         ; On                 ; On                 ;
; Power-Up Don't Care                                                        ; On                 ; On                 ;
; Remove Redundant Logic Cells                                               ; Off                ; Off                ;
; Remove Duplicate Registers                                                 ; On                 ; On                 ;
; Ignore CARRY Buffers                                                       ; Off                ; Off                ;
; Ignore CASCADE Buffers                                                     ; Off                ; Off                ;
; Ignore GLOBAL Buffers                                                      ; Off                ; Off                ;
; Ignore ROW GLOBAL Buffers                                                  ; Off                ; Off                ;
; Ignore LCELL Buffers                                                       ; Off                ; Off                ;
; Ignore SOFT Buffers                                                        ; On                 ; On                 ;
; Limit AHDL Integers to 32 Bits                                             ; Off                ; Off                ;
; Optimization Technique                                                     ; Balanced           ; Balanced           ;
; Carry Chain Length                                                         ; 70                 ; 70                 ;
; Auto Carry Chains                                                          ; On                 ; On                 ;
; Auto Open-Drain Pins                                                       ; On                 ; On                 ;
; Perform WYSIWYG Primitive Resynthesis                                      ; Off                ; Off                ;
; Auto ROM Replacement                                                       ; On                 ; On                 ;
; Auto RAM Replacement                                                       ; On                 ; On                 ;
; Auto Shift Register Replacement                                            ; Auto               ; Auto               ;
; Allow Shift Register Merging across Hierarchies                            ; Auto               ; Auto               ;
; Auto Clock Enable Replacement                                              ; On                 ; On                 ;
; Strict RAM Replacement                                                     ; Off                ; Off                ;
; Allow Synchronous Control Signals                                          ; On                 ; On                 ;
; Force Use of Synchronous Clear Signals                                     ; Off                ; Off                ;
; Auto RAM to Logic Cell Conversion                                          ; Off                ; Off                ;
; Auto Resource Sharing                                                      ; Off                ; Off                ;
; Allow Any RAM Size For Recognition                                         ; Off                ; Off                ;
; Allow Any ROM Size For Recognition                                         ; Off                ; Off                ;
; Allow Any Shift Register Size For Recognition                              ; Off                ; Off                ;
; Use LogicLock Constraints during Resource Balancing                        ; On                 ; On                 ;
; Ignore translate_off and synthesis_off directives                          ; Off                ; Off                ;
; Timing-Driven Synthesis                                                    ; Off                ; Off                ;
; Report Parameter Settings                                                  ; On                 ; On                 ;
; Report Source Assignments                                                  ; On                 ; On                 ;
; Report Connectivity Checks                                                 ; On                 ; On                 ;
; Ignore Maximum Fan-Out Assignments                                         ; Off                ; Off                ;
; Synchronization Register Chain Length                                      ; 2                  ; 2                  ;
; PowerPlay Power Optimization                                               ; Normal compilation ; Normal compilation ;
; HDL message level                                                          ; Level2             ; Level2             ;
; Suppress Register Optimization Related Messages                            ; Off                ; Off                ;
; Number of Removed Registers Reported in Synthesis Report                   ; 5000               ; 5000               ;
; Number of Swept Nodes Reported in Synthesis Report                         ; 5000               ; 5000               ;
; Number of Inverted Registers Reported in Synthesis Report                  ; 100                ; 100                ;
; Clock MUX Protection                                                       ; On                 ; On                 ;
; Auto Gated Clock Conversion                                                ; Off                ; Off                ;
; Block Design Naming                                                        ; Auto               ; Auto               ;
; SDC constraint protection                                                  ; Off                ; Off                ;
; Synthesis Effort                                                           ; Auto               ; Auto               ;
; Shift Register Replacement - Allow Asynchronous Clear Signal               ; On                 ; On                 ;
; Pre-Mapping Resynthesis Optimization                                       ; Off                ; Off                ;
; Analysis & Synthesis Message Level                                         ; Medium             ; Medium             ;
; Disable Register Merging Across Hierarchies                                ; Auto               ; Auto               ;
; Resource Aware Inference For Block RAM                                     ; On                 ; On                 ;
; Synthesis Seed                                                             ; 1                  ; 1                  ;
+----------------------------------------------------------------------------+--------------------+--------------------+


Parallel compilation was disabled, but you have multiple processors available. Enable parallel compilation to reduce compilation time.
+-------------------------------------+
; Parallel Compilation                ;
+----------------------------+--------+
; Processors                 ; Number ;
+----------------------------+--------+
; Number detected on machine ; 4      ;
; Maximum allowed            ; 1      ;
+----------------------------+--------+


+-------------------------------------------------------------------------------------------------------------------------------------------------------------------------------------------------------+
; Analysis & Synthesis Source Files Read                                                                                                                                                                ;
+------------------------------------------------------------+-----------------+------------------------------+-------------------------------------------------------------------------------+---------+
; File Name with User-Entered Path                           ; Used in Netlist ; File Type                    ; File Name with Absolute Path                                                  ; Library ;
+------------------------------------------------------------+-----------------+------------------------------+-------------------------------------------------------------------------------+---------+
; breakout_game.v                                            ; yes             ; User Verilog HDL File        ; C:/Users/Abel/Desktop/final_proj/breakout_game.v                              ;         ;
; game.v                                                     ; yes             ; User Verilog HDL File        ; C:/Users/Abel/Desktop/final_proj/game.v                                       ;         ;
; ../final_proj-20191206T231255Z-001/final_proj/vga640x480.v ; yes             ; User Verilog HDL File        ; C:/Users/Abel/Desktop/final_proj-20191206T231255Z-001/final_proj/vga640x480.v ;         ;
; seg_display.v                                              ; yes             ; User Verilog HDL File        ; C:/Users/Abel/Desktop/final_proj/seg_display.v                                ;         ;
; keyboard_press_driver.v                                    ; yes             ; Auto-Found Verilog HDL File  ; C:/Users/Abel/Desktop/final_proj/keyboard_press_driver.v                      ;         ;
; keyboard_inner_driver.v                                    ; yes             ; Auto-Found Verilog HDL File  ; C:/Users/Abel/Desktop/final_proj/keyboard_inner_driver.v                      ;         ;
; pong_game.v                                                ; yes             ; Auto-Found Verilog HDL File  ; C:/Users/Abel/Desktop/final_proj/pong_game.v                                  ;         ;
; lpm_add_sub.tdf                                            ; yes             ; Megafunction                 ; c:/altera/13.0sp1/quartus/libraries/megafunctions/lpm_add_sub.tdf             ;         ;
; addcore.inc                                                ; yes             ; Megafunction                 ; c:/altera/13.0sp1/quartus/libraries/megafunctions/addcore.inc                 ;         ;
; look_add.inc                                               ; yes             ; Megafunction                 ; c:/altera/13.0sp1/quartus/libraries/megafunctions/look_add.inc                ;         ;
; bypassff.inc                                               ; yes             ; Megafunction                 ; c:/altera/13.0sp1/quartus/libraries/megafunctions/bypassff.inc                ;         ;
; altshift.inc                                               ; yes             ; Megafunction                 ; c:/altera/13.0sp1/quartus/libraries/megafunctions/altshift.inc                ;         ;
; alt_stratix_add_sub.inc                                    ; yes             ; Megafunction                 ; c:/altera/13.0sp1/quartus/libraries/megafunctions/alt_stratix_add_sub.inc     ;         ;
; aglobal130.inc                                             ; yes             ; Megafunction                 ; c:/altera/13.0sp1/quartus/libraries/megafunctions/aglobal130.inc              ;         ;
; db/add_sub_rpi.tdf                                         ; yes             ; Auto-Generated Megafunction  ; C:/Users/Abel/Desktop/final_proj/db/add_sub_rpi.tdf                           ;         ;
; db/add_sub_3ri.tdf                                         ; yes             ; Auto-Generated Megafunction  ; C:/Users/Abel/Desktop/final_proj/db/add_sub_3ri.tdf                           ;         ;
+------------------------------------------------------------+-----------------+------------------------------+-------------------------------------------------------------------------------+---------+


+-----------------------------------------------------+
; Analysis & Synthesis Resource Usage Summary         ;
+---------------------------------------------+-------+
; Resource                                    ; Usage ;
+---------------------------------------------+-------+
; Estimated Total logic elements              ; 1,212 ;
;                                             ;       ;
; Total combinational functions               ; 1212  ;
; Logic element usage by number of LUT inputs ;       ;
;     -- 4 input functions                    ; 329   ;
;     -- 3 input functions                    ; 520   ;
;     -- <=2 input functions                  ; 363   ;
;                                             ;       ;
; Logic elements by mode                      ;       ;
;     -- normal mode                          ; 582   ;
;     -- arithmetic mode                      ; 630   ;
;                                             ;       ;
; Total registers                             ; 145   ;
;     -- Dedicated logic registers            ; 145   ;
;     -- I/O registers                        ; 0     ;
;                                             ;       ;
; I/O pins                                    ; 36    ;
; Embedded Multiplier 9-bit elements          ; 0     ;
; Maximum fan-out node                        ; CLK   ;
; Maximum fan-out                             ; 145   ;
; Total fan-out                               ; 4055  ;
; Average fan-out                             ; 2.91  ;
+---------------------------------------------+-------+


+------------------------------------------------------------------------------------------------------------------------------------------------------------------------------------------------------------------------------------------+
; Analysis & Synthesis Resource Utilization by Entity                                                                                                                                                                                      ;
+---------------------------------------+-------------------+--------------+-------------+--------------+---------+-----------+------+--------------+-----------------------------------------------------------------------+--------------+
; Compilation Hierarchy Node            ; LC Combinationals ; LC Registers ; Memory Bits ; DSP Elements ; DSP 9x9 ; DSP 18x18 ; Pins ; Virtual Pins ; Full Hierarchy Name                                                   ; Library Name ;
+---------------------------------------+-------------------+--------------+-------------+--------------+---------+-----------+------+--------------+-----------------------------------------------------------------------+--------------+
; |game                                 ; 1212 (56)         ; 145 (4)      ; 0           ; 0            ; 0       ; 0         ; 36   ; 0            ; |game                                                                 ; work         ;
;    |breakout_game:game1|              ; 603 (577)         ; 76 (76)      ; 0           ; 0            ; 0       ; 0         ; 0    ; 0            ; |game|breakout_game:game1                                             ; work         ;
;       |lpm_add_sub:Add5|              ; 13 (0)            ; 0 (0)        ; 0           ; 0            ; 0       ; 0         ; 0    ; 0            ; |game|breakout_game:game1|lpm_add_sub:Add5                            ; work         ;
;          |add_sub_3ri:auto_generated| ; 13 (13)           ; 0 (0)        ; 0           ; 0            ; 0       ; 0         ; 0    ; 0            ; |game|breakout_game:game1|lpm_add_sub:Add5|add_sub_3ri:auto_generated ; work         ;
;       |lpm_add_sub:Add7|              ; 13 (0)            ; 0 (0)        ; 0           ; 0            ; 0       ; 0         ; 0    ; 0            ; |game|breakout_game:game1|lpm_add_sub:Add7                            ; work         ;
;          |add_sub_rpi:auto_generated| ; 13 (13)           ; 0 (0)        ; 0           ; 0            ; 0       ; 0         ; 0    ; 0            ; |game|breakout_game:game1|lpm_add_sub:Add7|add_sub_rpi:auto_generated ; work         ;
;    |pong_game:game2|                  ; 484 (445)         ; 45 (45)      ; 0           ; 0            ; 0       ; 0         ; 0    ; 0            ; |game|pong_game:game2                                                 ; work         ;
;       |lpm_add_sub:Add7|              ; 13 (0)            ; 0 (0)        ; 0           ; 0            ; 0       ; 0         ; 0    ; 0            ; |game|pong_game:game2|lpm_add_sub:Add7                                ; work         ;
;          |add_sub_3ri:auto_generated| ; 13 (13)           ; 0 (0)        ; 0           ; 0            ; 0       ; 0         ; 0    ; 0            ; |game|pong_game:game2|lpm_add_sub:Add7|add_sub_3ri:auto_generated     ; work         ;
;       |lpm_add_sub:Add9|              ; 12 (0)            ; 0 (0)        ; 0           ; 0            ; 0       ; 0         ; 0    ; 0            ; |game|pong_game:game2|lpm_add_sub:Add9                                ; work         ;
;          |add_sub_rpi:auto_generated| ; 12 (12)           ; 0 (0)        ; 0           ; 0            ; 0       ; 0         ; 0    ; 0            ; |game|pong_game:game2|lpm_add_sub:Add9|add_sub_rpi:auto_generated     ; work         ;
;       |seg_display:p1_score_dis|      ; 7 (7)             ; 0 (0)        ; 0           ; 0            ; 0       ; 0         ; 0    ; 0            ; |game|pong_game:game2|seg_display:p1_score_dis                        ; work         ;
;       |seg_display:p2_score_dis|      ; 7 (7)             ; 0 (0)        ; 0           ; 0            ; 0       ; 0         ; 0    ; 0            ; |game|pong_game:game2|seg_display:p2_score_dis                        ; work         ;
;    |vga640x480:display|               ; 69 (69)           ; 20 (20)      ; 0           ; 0            ; 0       ; 0         ; 0    ; 0            ; |game|vga640x480:display                                              ; work         ;
+---------------------------------------+-------------------+--------------+-------------+--------------+---------+-----------+------+--------------+-----------------------------------------------------------------------+--------------+
Note: For table entries with two numbers listed, the numbers in parentheses indicate the number of resources of the given type used by the specific entity alone. The numbers listed outside of parentheses indicate the total resources of the given type used by the specific entity and all of its sub-entities in the hierarchy.


Encoding Type:  One-Hot
+-------------------------------------------+
; State Machine - |game|s                   ;
+------------+--------+--------+------------+
; Name       ; s.menu ; s.pong ; s.breakout ;
+------------+--------+--------+------------+
; s.menu     ; 0      ; 0      ; 0          ;
; s.breakout ; 1      ; 0      ; 1          ;
; s.pong     ; 1      ; 1      ; 0          ;
+------------+--------+--------+------------+


Encoding Type:  One-Hot
+-----------------------------------------------------------+
; State Machine - |game|keyboard_press_driver:comb_10|count ;
+----------+----------+----------+----------+---------------+
; Name     ; count.11 ; count.10 ; count.01 ; count.00      ;
+----------+----------+----------+----------+---------------+
; count.00 ; 0        ; 0        ; 0        ; 0             ;
; count.01 ; 0        ; 0        ; 1        ; 1             ;
; count.10 ; 0        ; 1        ; 0        ; 1             ;
; count.11 ; 1        ; 0        ; 0        ; 1             ;
+----------+----------+----------+----------+---------------+


+----------------------------------------------------------------------------------------------------------+
; User-Specified and Inferred Latches                                                                      ;
+-----------------------------------------------------+---------------------------+------------------------+
; Latch Name                                          ; Latch Enable Signal       ; Free of Timing Hazards ;
+-----------------------------------------------------+---------------------------+------------------------+
; pong_game:game2|pg_vga_r[0]                         ; pong_game:game2|Mux52     ; yes                    ;
; breakout_game:game1|br_vga_r[0]                     ; breakout_game:game1|Mux56 ; yes                    ;
; pong_game:game2|pg_vga_r[1]                         ; pong_game:game2|Mux52     ; yes                    ;
; breakout_game:game1|br_vga_r[1]                     ; breakout_game:game1|Mux56 ; yes                    ;
; pong_game:game2|pg_vga_r[2]                         ; pong_game:game2|Mux52     ; yes                    ;
; breakout_game:game1|br_vga_r[2]                     ; breakout_game:game1|Mux56 ; yes                    ;
; pong_game:game2|pg_vga_r[3]                         ; pong_game:game2|Mux54     ; yes                    ;
; breakout_game:game1|br_vga_r[3]                     ; breakout_game:game1|Mux56 ; yes                    ;
; pong_game:game2|pg_vga_g[0]                         ; pong_game:game2|Mux52     ; yes                    ;
; breakout_game:game1|br_vga_g[0]                     ; breakout_game:game1|Mux5  ; yes                    ;
; pong_game:game2|pg_vga_g[1]                         ; pong_game:game2|Mux52     ; yes                    ;
; breakout_game:game1|br_vga_g[1]                     ; breakout_game:game1|Mux5  ; yes                    ;
; pong_game:game2|pg_vga_g[2]                         ; pong_game:game2|Mux52     ; yes                    ;
; breakout_game:game1|br_vga_g[2]                     ; breakout_game:game1|Mux5  ; yes                    ;
; pong_game:game2|pg_vga_g[3]                         ; pong_game:game2|Mux52     ; yes                    ;
; breakout_game:game1|br_vga_g[3]                     ; breakout_game:game1|Mux5  ; yes                    ;
; pong_game:game2|pg_vga_b[0]                         ; pong_game:game2|Mux52     ; yes                    ;
; breakout_game:game1|br_vga_b[0]                     ; breakout_game:game1|Mux3  ; yes                    ;
; pong_game:game2|pg_vga_b[1]                         ; pong_game:game2|Mux52     ; yes                    ;
; breakout_game:game1|br_vga_b[1]                     ; breakout_game:game1|Mux3  ; yes                    ;
; pong_game:game2|pg_vga_b[2]                         ; pong_game:game2|Mux52     ; yes                    ;
; breakout_game:game1|br_vga_b[2]                     ; breakout_game:game1|Mux3  ; yes                    ;
; pong_game:game2|pg_vga_b[3]                         ; pong_game:game2|Mux55     ; yes                    ;
; breakout_game:game1|br_vga_b[3]                     ; breakout_game:game1|Mux3  ; yes                    ;
; breakout_game:game1|done                            ; breakout_game:game1|Mux3  ; yes                    ;
; pong_game:game2|done                                ; pong_game:game2|Mux52     ; yes                    ;
; pong_start                                          ; s.pong                    ; yes                    ;
; breakout_start                                      ; s.breakout                ; yes                    ;
; pong_game:game2|ball_y_sp[1]                        ; pong_game:game2|Mux59     ; yes                    ;
; pong_game:game2|ball_y_sp[0]                        ; pong_game:game2|Mux59     ; yes                    ;
; pong_game:game2|ball_x_sp[1]                        ; pong_game:game2|Mux62     ; yes                    ;
; pong_game:game2|ball_x_sp[0]                        ; pong_game:game2|Mux62     ; yes                    ;
; Number of user-specified and inferred latches = 32  ;                           ;                        ;
+-----------------------------------------------------+---------------------------+------------------------+
Note: All latches listed above may not be present at the end of synthesis due to various synthesis optimizations.


+------------------------------------------------------------------------------------------------------------------------------+
; Registers Removed During Synthesis                                                                                           ;
+-------------------------------------------------------------------------------+----------------------------------------------+
; Register name                                                                 ; Reason for Removal                           ;
+-------------------------------------------------------------------------------+----------------------------------------------+
; pong_game:game2|s[2]                                                          ; Stuck at GND due to stuck port data_in       ;
; breakout_game:game1|s[2]                                                      ; Stuck at GND due to stuck port data_in       ;
; pix_stb                                                                       ; Merged with cnt[15]                          ;
; pong_game:game2|count2[0]                                                     ; Merged with breakout_game:game1|count2[0]    ;
; pong_game:game2|count2[1]                                                     ; Merged with breakout_game:game1|count2[1]    ;
; pong_game:game2|count[0]                                                      ; Merged with breakout_game:game1|count[0]     ;
; pong_game:game2|count[1]                                                      ; Merged with breakout_game:game1|count[1]     ;
; pong_game:game2|count[2]                                                      ; Merged with breakout_game:game1|count[2]     ;
; pong_game:game2|count[3]                                                      ; Merged with breakout_game:game1|count[3]     ;
; pong_game:game2|count[4]                                                      ; Merged with breakout_game:game1|count[4]     ;
; pong_game:game2|count[5]                                                      ; Merged with breakout_game:game1|count[5]     ;
; pong_game:game2|count[6]                                                      ; Merged with breakout_game:game1|count[6]     ;
; pong_game:game2|count[7]                                                      ; Merged with breakout_game:game1|count[7]     ;
; pong_game:game2|count[8]                                                      ; Merged with breakout_game:game1|count[8]     ;
; pong_game:game2|count[9]                                                      ; Merged with breakout_game:game1|count[9]     ;
; pong_game:game2|count[10]                                                     ; Merged with breakout_game:game1|count[10]    ;
; pong_game:game2|count[11]                                                     ; Merged with breakout_game:game1|count[11]    ;
; pong_game:game2|count[12]                                                     ; Merged with breakout_game:game1|count[12]    ;
; pong_game:game2|count[13]                                                     ; Merged with breakout_game:game1|count[13]    ;
; pong_game:game2|count[14]                                                     ; Merged with breakout_game:game1|count[14]    ;
; pong_game:game2|count[15]                                                     ; Merged with breakout_game:game1|count[15]    ;
; pong_game:game2|count[16]                                                     ; Merged with breakout_game:game1|count[16]    ;
; pong_game:game2|count[17]                                                     ; Merged with breakout_game:game1|count[17]    ;
; pong_game:game2|count[18]                                                     ; Merged with breakout_game:game1|count[18]    ;
; pong_game:game2|count[19]                                                     ; Merged with breakout_game:game1|count[19]    ;
; breakout_game:game1|ball_x_sp[3..7]                                           ; Merged with breakout_game:game1|ball_x_sp[2] ;
; breakout_game:game1|count2[0]                                                 ; Merged with cnt[15]                          ;
; pong_game:game2|p2_bar_x[1]                                                   ; Merged with pong_game:game2|p2_bar_x[0]      ;
; pong_game:game2|p1_bar_x[0..2]                                                ; Merged with pong_game:game2|p2_bar_x[0]      ;
; pong_game:game2|p2_bar_x[2]                                                   ; Merged with pong_game:game2|p2_bar_x[0]      ;
; breakout_game:game1|ball_x_sp[0]                                              ; Merged with breakout_game:game1|ball_y_sp[0] ;
; breakout_game:game1|ball_y_sp[5..7]                                           ; Merged with breakout_game:game1|ball_y_sp[4] ;
; pong_game:game2|p2_bar_x[0]                                                   ; Stuck at GND due to stuck port data_in       ;
; breakout_game:game1|ball_x_sp[2]                                              ; Stuck at GND due to stuck port data_in       ;
; breakout_game:game1|ball_y_sp[3,4]                                            ; Stuck at GND due to stuck port data_in       ;
; s~6                                                                           ; Lost fanout                                  ;
; keyboard_press_driver:comb_10|count~6                                         ; Lost fanout                                  ;
; keyboard_press_driver:comb_10|count~7                                         ; Lost fanout                                  ;
; keyboard_press_driver:comb_10|keyboard_inner_driver:kbd|scan_ready            ; Lost fanout                                  ;
; keyboard_press_driver:comb_10|keyboard_inner_driver:kbd|ready_set             ; Lost fanout                                  ;
; keyboard_press_driver:comb_10|read                                            ; Lost fanout                                  ;
; keyboard_press_driver:comb_10|keyboard_inner_driver:kbd|read_char             ; Lost fanout                                  ;
; keyboard_press_driver:comb_10|keyboard_inner_driver:kbd|incnt[0..3]           ; Lost fanout                                  ;
; keyboard_press_driver:comb_10|keyboard_inner_driver:kbd|keyboard_clk_filtered ; Lost fanout                                  ;
; keyboard_press_driver:comb_10|keyboard_inner_driver:kbd|filter[0..7]          ; Lost fanout                                  ;
; keyboard_press_driver:comb_10|keyboard_inner_driver:kbd|clock                 ; Lost fanout                                  ;
; keyboard_press_driver:comb_10|count.00                                        ; Lost fanout                                  ;
; keyboard_press_driver:comb_10|count.01                                        ; Lost fanout                                  ;
; keyboard_press_driver:comb_10|count.10                                        ; Lost fanout                                  ;
; keyboard_press_driver:comb_10|count.11                                        ; Lost fanout                                  ;
; Total Number of Removed Registers = 69                                        ;                                              ;
+-------------------------------------------------------------------------------+----------------------------------------------+


+-----------------------------------------------------------------------------------------------------------------------------------------------------+
; Removed Registers Triggering Further Register Optimizations                                                                                         ;
+---------------------------------------+---------------------------+---------------------------------------------------------------------------------+
; Register name                         ; Reason for Removal        ; Registers Removed due to This Register                                          ;
+---------------------------------------+---------------------------+---------------------------------------------------------------------------------+
; keyboard_press_driver:comb_10|count~6 ; Lost Fanouts              ; keyboard_press_driver:comb_10|keyboard_inner_driver:kbd|scan_ready,             ;
;                                       ;                           ; keyboard_press_driver:comb_10|keyboard_inner_driver:kbd|ready_set,              ;
;                                       ;                           ; keyboard_press_driver:comb_10|read,                                             ;
;                                       ;                           ; keyboard_press_driver:comb_10|keyboard_inner_driver:kbd|read_char,              ;
;                                       ;                           ; keyboard_press_driver:comb_10|keyboard_inner_driver:kbd|incnt[3],               ;
;                                       ;                           ; keyboard_press_driver:comb_10|keyboard_inner_driver:kbd|incnt[2],               ;
;                                       ;                           ; keyboard_press_driver:comb_10|keyboard_inner_driver:kbd|incnt[0],               ;
;                                       ;                           ; keyboard_press_driver:comb_10|keyboard_inner_driver:kbd|incnt[1],               ;
;                                       ;                           ; keyboard_press_driver:comb_10|keyboard_inner_driver:kbd|keyboard_clk_filtered,  ;
;                                       ;                           ; keyboard_press_driver:comb_10|keyboard_inner_driver:kbd|filter[0],              ;
;                                       ;                           ; keyboard_press_driver:comb_10|keyboard_inner_driver:kbd|filter[1],              ;
;                                       ;                           ; keyboard_press_driver:comb_10|keyboard_inner_driver:kbd|filter[2],              ;
;                                       ;                           ; keyboard_press_driver:comb_10|keyboard_inner_driver:kbd|filter[3],              ;
;                                       ;                           ; keyboard_press_driver:comb_10|keyboard_inner_driver:kbd|filter[4],              ;
;                                       ;                           ; keyboard_press_driver:comb_10|keyboard_inner_driver:kbd|filter[5],              ;
;                                       ;                           ; keyboard_press_driver:comb_10|keyboard_inner_driver:kbd|filter[6],              ;
;                                       ;                           ; keyboard_press_driver:comb_10|keyboard_inner_driver:kbd|filter[7],              ;
;                                       ;                           ; keyboard_press_driver:comb_10|keyboard_inner_driver:kbd|clock,                  ;
;                                       ;                           ; keyboard_press_driver:comb_10|count.00, keyboard_press_driver:comb_10|count.01, ;
;                                       ;                           ; keyboard_press_driver:comb_10|count.10                                          ;
; breakout_game:game1|s[2]              ; Stuck at GND              ; breakout_game:game1|ball_x_sp[2], breakout_game:game1|ball_y_sp[4],             ;
;                                       ; due to stuck port data_in ; breakout_game:game1|ball_y_sp[3]                                                ;
; pong_game:game2|s[2]                  ; Stuck at GND              ; pong_game:game2|p2_bar_x[0]                                                     ;
;                                       ; due to stuck port data_in ;                                                                                 ;
+---------------------------------------+---------------------------+---------------------------------------------------------------------------------+


+------------------------------------------------------+
; General Register Statistics                          ;
+----------------------------------------------+-------+
; Statistic                                    ; Value ;
+----------------------------------------------+-------+
; Total registers                              ; 145   ;
; Number of registers using Synchronous Clear  ; 56    ;
; Number of registers using Synchronous Load   ; 20    ;
; Number of registers using Asynchronous Clear ; 7     ;
; Number of registers using Asynchronous Load  ; 0     ;
; Number of registers using Clock Enable       ; 100   ;
; Number of registers using Preset             ; 0     ;
+----------------------------------------------+-------+


+--------------------------------------------------------------------------------------------------------------------------------------------------------------------------------------+
; Multiplexer Restructuring Statistics (Restructuring Performed)                                                                                                                       ;
+--------------------+-----------+---------------+----------------------+------------------------+------------+------------------------------------------------------------------------+
; Multiplexer Inputs ; Bus Width ; Baseline Area ; Area if Restructured ; Saving if Restructured ; Registered ; Example Multiplexer Output                                             ;
+--------------------+-----------+---------------+----------------------+------------------------+------------+------------------------------------------------------------------------+
; 4:1                ; 10 bits   ; 20 LEs        ; 10 LEs               ; 10 LEs                 ; Yes        ; |game|vga640x480:display|h_count[6]                                    ;
; 5:1                ; 4 bits    ; 12 LEs        ; 4 LEs                ; 8 LEs                  ; Yes        ; |game|pong_game:game2|p1_score[1]                                      ;
; 5:1                ; 4 bits    ; 12 LEs        ; 4 LEs                ; 8 LEs                  ; Yes        ; |game|pong_game:game2|p2_score[1]                                      ;
; 6:1                ; 10 bits   ; 40 LEs        ; 20 LEs               ; 20 LEs                 ; Yes        ; |game|breakout_game:game1|ball_x[6]                                    ;
; 6:1                ; 9 bits    ; 36 LEs        ; 18 LEs               ; 18 LEs                 ; Yes        ; |game|breakout_game:game1|ball_y[0]                                    ;
; 6:1                ; 10 bits   ; 40 LEs        ; 20 LEs               ; 20 LEs                 ; Yes        ; |game|pong_game:game2|ball_x[0]                                        ;
; 6:1                ; 9 bits    ; 36 LEs        ; 18 LEs               ; 18 LEs                 ; Yes        ; |game|pong_game:game2|ball_y[5]                                        ;
; 5:1                ; 4 bits    ; 12 LEs        ; 4 LEs                ; 8 LEs                  ; Yes        ; |game|keyboard_press_driver:comb_10|keyboard_inner_driver:kbd|incnt[3] ;
; 4:1                ; 10 bits   ; 20 LEs        ; 10 LEs               ; 10 LEs                 ; Yes        ; |game|vga640x480:display|v_count[4]                                    ;
; 7:1                ; 10 bits   ; 40 LEs        ; 20 LEs               ; 20 LEs                 ; Yes        ; |game|breakout_game:game1|bar_x[9]                                     ;
; 7:1                ; 7 bits    ; 28 LEs        ; 14 LEs               ; 14 LEs                 ; Yes        ; |game|pong_game:game2|p1_bar_x[3]                                      ;
; 7:1                ; 7 bits    ; 28 LEs        ; 14 LEs               ; 14 LEs                 ; Yes        ; |game|pong_game:game2|p2_bar_x[6]                                      ;
; 4:1                ; 2 bits    ; 4 LEs         ; 4 LEs                ; 0 LEs                  ; No         ; |game|breakout_game:game1|Mux56                                        ;
; 3:1                ; 2 bits    ; 4 LEs         ; 2 LEs                ; 2 LEs                  ; No         ; |game|breakout_game:game1|Mux55                                        ;
; 4:1                ; 2 bits    ; 4 LEs         ; 4 LEs                ; 0 LEs                  ; No         ; |game|pong_game:game2|Mux54                                            ;
; 3:1                ; 4 bits    ; 8 LEs         ; 4 LEs                ; 4 LEs                  ; No         ; |game|pong_game:game2|Mux60                                            ;
; 3:1                ; 2 bits    ; 4 LEs         ; 2 LEs                ; 2 LEs                  ; No         ; |game|pong_game:game2|ball_x_sp                                        ;
; 3:1                ; 12 bits   ; 24 LEs        ; 24 LEs               ; 0 LEs                  ; No         ; |game|Selector14                                                       ;
+--------------------+-----------+---------------+----------------------+------------------------+------------+------------------------------------------------------------------------+


+----------------------------------------------------------------------+
; Parameter Settings for User Entity Instance: Top-level Entity: |game ;
+----------------+-------+---------------------------------------------+
; Parameter Name ; Value ; Type                                        ;
+----------------+-------+---------------------------------------------+
; menu           ; 00    ; Unsigned Binary                             ;
; breakout       ; 01    ; Unsigned Binary                             ;
; pong           ; 10    ; Unsigned Binary                             ;
+----------------+-------+---------------------------------------------+
Note: In order to hide this table in the UI and the text report file, please set the "Show Parameter Settings in Synthesis Report" option in "Analysis and Synthesis Settings -> More Settings" to "Off".


+----------------------------------------------------------------------------+
; Parameter Settings for User Entity Instance: keyboard_press_driver:comb_10 ;
+----------------+----------+------------------------------------------------+
; Parameter Name ; Value    ; Type                                           ;
+----------------+----------+------------------------------------------------+
; FIRST          ; 0        ; Unsigned Binary                                ;
; SEENF0         ; 1        ; Unsigned Binary                                ;
; NULL           ; 00000000 ; Unsigned Binary                                ;
+----------------+----------+------------------------------------------------+
Note: In order to hide this table in the UI and the text report file, please set the "Show Parameter Settings in Synthesis Report" option in "Analysis and Synthesis Settings -> More Settings" to "Off".


+------------------------------------------------------------------+
; Parameter Settings for User Entity Instance: breakout_game:game1 ;
+----------------+-------+-----------------------------------------+
; Parameter Name ; Value ; Type                                    ;
+----------------+-------+-----------------------------------------+
; start_game     ; 000   ; Unsigned Binary                         ;
; play_setup     ; 001   ; Unsigned Binary                         ;
; playing        ; 010   ; Unsigned Binary                         ;
; game_done      ; 011   ; Unsigned Binary                         ;
+----------------+-------+-----------------------------------------+
Note: In order to hide this table in the UI and the text report file, please set the "Show Parameter Settings in Synthesis Report" option in "Analysis and Synthesis Settings -> More Settings" to "Off".


+--------------------------------------------------------------+
; Parameter Settings for User Entity Instance: pong_game:game2 ;
+----------------+-------+-------------------------------------+
; Parameter Name ; Value ; Type                                ;
+----------------+-------+-------------------------------------+
; start_game     ; 00    ; Unsigned Binary                     ;
; play_setup     ; 01    ; Unsigned Binary                     ;
; playing        ; 10    ; Unsigned Binary                     ;
; game_done      ; 11    ; Unsigned Binary                     ;
+----------------+-------+-------------------------------------+
Note: In order to hide this table in the UI and the text report file, please set the "Show Parameter Settings in Synthesis Report" option in "Analysis and Synthesis Settings -> More Settings" to "Off".


+-----------------------------------------------------------------------------------+
; Parameter Settings for Inferred Entity Instance: pong_game:game2|lpm_add_sub:Add9 ;
+------------------------+-------------+--------------------------------------------+
; Parameter Name         ; Value       ; Type                                       ;
+------------------------+-------------+--------------------------------------------+
; LPM_WIDTH              ; 9           ; Untyped                                    ;
; LPM_REPRESENTATION     ; UNSIGNED    ; Untyped                                    ;
; LPM_DIRECTION          ; DEFAULT     ; Untyped                                    ;
; ONE_INPUT_IS_CONSTANT  ; NO          ; Untyped                                    ;
; LPM_PIPELINE           ; 0           ; Untyped                                    ;
; MAXIMIZE_SPEED         ; 5           ; Untyped                                    ;
; REGISTERED_AT_END      ; 0           ; Untyped                                    ;
; OPTIMIZE_FOR_SPEED     ; 5           ; Untyped                                    ;
; USE_CS_BUFFERS         ; 1           ; Untyped                                    ;
; CARRY_CHAIN            ; MANUAL      ; Untyped                                    ;
; CARRY_CHAIN_LENGTH     ; 48          ; CARRY_CHAIN_LENGTH                         ;
; DEVICE_FAMILY          ; Cyclone II  ; Untyped                                    ;
; USE_WYS                ; OFF         ; Untyped                                    ;
; STYLE                  ; FAST        ; Untyped                                    ;
; CBXI_PARAMETER         ; add_sub_rpi ; Untyped                                    ;
; AUTO_CARRY_CHAINS      ; ON          ; AUTO_CARRY                                 ;
; IGNORE_CARRY_BUFFERS   ; OFF         ; IGNORE_CARRY                               ;
; AUTO_CASCADE_CHAINS    ; ON          ; AUTO_CASCADE                               ;
; IGNORE_CASCADE_BUFFERS ; OFF         ; IGNORE_CASCADE                             ;
+------------------------+-------------+--------------------------------------------+
Note: In order to hide this table in the UI and the text report file, please set the "Show Parameter Settings in Synthesis Report" option in "Analysis and Synthesis Settings -> More Settings" to "Off".


+---------------------------------------------------------------------------------------+
; Parameter Settings for Inferred Entity Instance: breakout_game:game1|lpm_add_sub:Add7 ;
+------------------------+-------------+------------------------------------------------+
; Parameter Name         ; Value       ; Type                                           ;
+------------------------+-------------+------------------------------------------------+
; LPM_WIDTH              ; 9           ; Untyped                                        ;
; LPM_REPRESENTATION     ; UNSIGNED    ; Untyped                                        ;
; LPM_DIRECTION          ; DEFAULT     ; Untyped                                        ;
; ONE_INPUT_IS_CONSTANT  ; NO          ; Untyped                                        ;
; LPM_PIPELINE           ; 0           ; Untyped                                        ;
; MAXIMIZE_SPEED         ; 5           ; Untyped                                        ;
; REGISTERED_AT_END      ; 0           ; Untyped                                        ;
; OPTIMIZE_FOR_SPEED     ; 5           ; Untyped                                        ;
; USE_CS_BUFFERS         ; 1           ; Untyped                                        ;
; CARRY_CHAIN            ; MANUAL      ; Untyped                                        ;
; CARRY_CHAIN_LENGTH     ; 48          ; CARRY_CHAIN_LENGTH                             ;
; DEVICE_FAMILY          ; Cyclone II  ; Untyped                                        ;
; USE_WYS                ; OFF         ; Untyped                                        ;
; STYLE                  ; FAST        ; Untyped                                        ;
; CBXI_PARAMETER         ; add_sub_rpi ; Untyped                                        ;
; AUTO_CARRY_CHAINS      ; ON          ; AUTO_CARRY                                     ;
; IGNORE_CARRY_BUFFERS   ; OFF         ; IGNORE_CARRY                                   ;
; AUTO_CASCADE_CHAINS    ; ON          ; AUTO_CASCADE                                   ;
; IGNORE_CASCADE_BUFFERS ; OFF         ; IGNORE_CASCADE                                 ;
+------------------------+-------------+------------------------------------------------+
Note: In order to hide this table in the UI and the text report file, please set the "Show Parameter Settings in Synthesis Report" option in "Analysis and Synthesis Settings -> More Settings" to "Off".


+-----------------------------------------------------------------------------------+
; Parameter Settings for Inferred Entity Instance: pong_game:game2|lpm_add_sub:Add7 ;
+------------------------+-------------+--------------------------------------------+
; Parameter Name         ; Value       ; Type                                       ;
+------------------------+-------------+--------------------------------------------+
; LPM_WIDTH              ; 10          ; Untyped                                    ;
; LPM_REPRESENTATION     ; UNSIGNED    ; Untyped                                    ;
; LPM_DIRECTION          ; DEFAULT     ; Untyped                                    ;
; ONE_INPUT_IS_CONSTANT  ; NO          ; Untyped                                    ;
; LPM_PIPELINE           ; 0           ; Untyped                                    ;
; MAXIMIZE_SPEED         ; 5           ; Untyped                                    ;
; REGISTERED_AT_END      ; 0           ; Untyped                                    ;
; OPTIMIZE_FOR_SPEED     ; 5           ; Untyped                                    ;
; USE_CS_BUFFERS         ; 1           ; Untyped                                    ;
; CARRY_CHAIN            ; MANUAL      ; Untyped                                    ;
; CARRY_CHAIN_LENGTH     ; 48          ; CARRY_CHAIN_LENGTH                         ;
; DEVICE_FAMILY          ; Cyclone II  ; Untyped                                    ;
; USE_WYS                ; OFF         ; Untyped                                    ;
; STYLE                  ; FAST        ; Untyped                                    ;
; CBXI_PARAMETER         ; add_sub_3ri ; Untyped                                    ;
; AUTO_CARRY_CHAINS      ; ON          ; AUTO_CARRY                                 ;
; IGNORE_CARRY_BUFFERS   ; OFF         ; IGNORE_CARRY                               ;
; AUTO_CASCADE_CHAINS    ; ON          ; AUTO_CASCADE                               ;
; IGNORE_CASCADE_BUFFERS ; OFF         ; IGNORE_CASCADE                             ;
+------------------------+-------------+--------------------------------------------+
Note: In order to hide this table in the UI and the text report file, please set the "Show Parameter Settings in Synthesis Report" option in "Analysis and Synthesis Settings -> More Settings" to "Off".


+---------------------------------------------------------------------------------------+
; Parameter Settings for Inferred Entity Instance: breakout_game:game1|lpm_add_sub:Add5 ;
+------------------------+-------------+------------------------------------------------+
; Parameter Name         ; Value       ; Type                                           ;
+------------------------+-------------+------------------------------------------------+
; LPM_WIDTH              ; 10          ; Untyped                                        ;
; LPM_REPRESENTATION     ; UNSIGNED    ; Untyped                                        ;
; LPM_DIRECTION          ; DEFAULT     ; Untyped                                        ;
; ONE_INPUT_IS_CONSTANT  ; NO          ; Untyped                                        ;
; LPM_PIPELINE           ; 0           ; Untyped                                        ;
; MAXIMIZE_SPEED         ; 5           ; Untyped                                        ;
; REGISTERED_AT_END      ; 0           ; Untyped                                        ;
; OPTIMIZE_FOR_SPEED     ; 5           ; Untyped                                        ;
; USE_CS_BUFFERS         ; 1           ; Untyped                                        ;
; CARRY_CHAIN            ; MANUAL      ; Untyped                                        ;
; CARRY_CHAIN_LENGTH     ; 48          ; CARRY_CHAIN_LENGTH                             ;
; DEVICE_FAMILY          ; Cyclone II  ; Untyped                                        ;
; USE_WYS                ; OFF         ; Untyped                                        ;
; STYLE                  ; FAST        ; Untyped                                        ;
; CBXI_PARAMETER         ; add_sub_3ri ; Untyped                                        ;
; AUTO_CARRY_CHAINS      ; ON          ; AUTO_CARRY                                     ;
; IGNORE_CARRY_BUFFERS   ; OFF         ; IGNORE_CARRY                                   ;
; AUTO_CASCADE_CHAINS    ; ON          ; AUTO_CASCADE                                   ;
; IGNORE_CASCADE_BUFFERS ; OFF         ; IGNORE_CASCADE                                 ;
+------------------------+-------------+------------------------------------------------+
Note: In order to hide this table in the UI and the text report file, please set the "Show Parameter Settings in Synthesis Report" option in "Analysis and Synthesis Settings -> More Settings" to "Off".


+---------------------------------------------------------------------------------------------------------------------+
; Port Connectivity Checks: "keyboard_press_driver:comb_10"                                                           ;
+-----------+--------+----------+-------------------------------------------------------------------------------------+
; Port      ; Type   ; Severity ; Details                                                                             ;
+-----------+--------+----------+-------------------------------------------------------------------------------------+
; valid     ; Output ; Info     ; Connected to dangling logic. Logic that only feeds a dangling port will be removed. ;
; makeBreak ; Output ; Info     ; Connected to dangling logic. Logic that only feeds a dangling port will be removed. ;
; outCode   ; Output ; Info     ; Connected to dangling logic. Logic that only feeds a dangling port will be removed. ;
+-----------+--------+----------+-------------------------------------------------------------------------------------+


+--------------------------------------------------------------------------------------------------------------------------------------------+
; Port Connectivity Checks: "vga640x480:display"                                                                                             ;
+-------------+--------+----------+----------------------------------------------------------------------------------------------------------+
; Port        ; Type   ; Severity ; Details                                                                                                  ;
+-------------+--------+----------+----------------------------------------------------------------------------------------------------------+
; o_blanking  ; Output ; Warning  ; Declared by entity but not connected by instance. Logic that only feeds a dangling port will be removed. ;
; o_active    ; Output ; Warning  ; Declared by entity but not connected by instance. Logic that only feeds a dangling port will be removed. ;
; o_screenend ; Output ; Warning  ; Declared by entity but not connected by instance. Logic that only feeds a dangling port will be removed. ;
; o_animate   ; Output ; Warning  ; Declared by entity but not connected by instance. Logic that only feeds a dangling port will be removed. ;
+-------------+--------+----------+----------------------------------------------------------------------------------------------------------+


+-------------------------------+
; Elapsed Time Per Partition    ;
+----------------+--------------+
; Partition Name ; Elapsed Time ;
+----------------+--------------+
; Top            ; 00:00:03     ;
+----------------+--------------+


+-------------------------------+
; Analysis & Synthesis Messages ;
+-------------------------------+
Info: *******************************************************************
Info: Running Quartus II 64-Bit Analysis & Synthesis
    Info: Version 13.0.1 Build 232 06/12/2013 Service Pack 1 SJ Web Edition
    Info: Processing started: Fri Dec 13 09:30:39 2019
Info: Command: quartus_map --read_settings_files=on --write_settings_files=off game -c game
Warning (136002): Ignored duplicate of assignment PARTITION_SOURCE for node ""
Warning (136002): Ignored duplicate of assignment PARTITION_PRESERVE_HIGH_SPEED_TILES for node ""
Warning (136002): Ignored duplicate of assignment PARTITION_IGNORE_SOURCE_FILE_CHANGES for node ""
Warning (136002): Ignored duplicate of assignment PARTITION_ALWAYS_USE_QXP_NETLIST for node ""
Warning (136002): Ignored duplicate of assignment PARTITION_IMPORT_NEW_ASSIGNMENTS for node ""
Warning (136002): Ignored duplicate of assignment PARTITION_IMPORT_EXISTING_ASSIGNMENTS for node ""
Warning (136002): Ignored duplicate of assignment PARTITION_IMPORT_EXISTING_LOGICLOCK_REGIONS for node ""
Warning (136002): Ignored duplicate of assignment PARTITION_IMPORT_PIN_ASSIGNMENTS for node ""
Warning (136002): Ignored duplicate of assignment PARTITION_IMPORT_PROMOTE_ASSIGNMENTS for node ""
Warning (136002): Ignored duplicate of assignment PARTITION_TYPE for node ""
Warning (136002): Ignored duplicate of assignment ALLOW_MULTIPLE_PERSONAS for node ""
Warning (136002): Ignored duplicate of assignment PARTITION_ASD_REGION_ID for node ""
Warning (136002): Ignored duplicate of assignment CROSS_BOUNDARY_OPTIMIZATIONS for node ""
Warning (136002): Ignored duplicate of assignment PROPAGATE_CONSTANTS_ON_INPUTS for node ""
Warning (136002): Ignored duplicate of assignment PROPAGATE_INVERSIONS_ON_INPUTS for node ""
Warning (136002): Ignored duplicate of assignment REMOVE_LOGIC_ON_UNCONNECTED_OUTPUTS for node ""
Warning (136002): Ignored duplicate of assignment MERGE_EQUIVALENT_INPUTS for node ""
Warning (136002): Ignored duplicate of assignment MERGE_EQUIVALENT_BIDIRS for node ""
Warning (136002): Ignored duplicate of assignment ABSORB_PATHS_FROM_OUTPUTS_TO_INPUTS for node ""
Warning (136002): Ignored duplicate of assignment PARTITION_EXTRACT_HARD_BLOCK_NODES for node ""
Warning (136002): Ignored duplicate of assignment PARTITION_BACK_ANNOTATION for node ""
Warning (136002): Ignored duplicate of assignment PARTITION_COLOR for node ""
Warning (136002): Ignored duplicate of assignment HIERARCHY_BLACKBOX_FILE for node "|"
Warning (136002): Ignored duplicate of assignment PARTITION_SOURCE for node ""
Warning (136002): Ignored duplicate of assignment PARTITION_PRESERVE_HIGH_SPEED_TILES for node ""
Warning (136002): Ignored duplicate of assignment PARTITION_IGNORE_SOURCE_FILE_CHANGES for node ""
Warning (136002): Ignored duplicate of assignment PARTITION_ALWAYS_USE_QXP_NETLIST for node ""
Warning (136002): Ignored duplicate of assignment PARTITION_IMPORT_NEW_ASSIGNMENTS for node ""
Warning (136002): Ignored duplicate of assignment PARTITION_IMPORT_EXISTING_ASSIGNMENTS for node ""
Warning (136002): Ignored duplicate of assignment PARTITION_IMPORT_EXISTING_LOGICLOCK_REGIONS for node ""
Warning (136002): Ignored duplicate of assignment PARTITION_IMPORT_PIN_ASSIGNMENTS for node ""
Warning (136002): Ignored duplicate of assignment PARTITION_IMPORT_PROMOTE_ASSIGNMENTS for node ""
Warning (136002): Ignored duplicate of assignment PARTITION_TYPE for node ""
Warning (136002): Ignored duplicate of assignment ALLOW_MULTIPLE_PERSONAS for node ""
Warning (136002): Ignored duplicate of assignment PARTITION_ASD_REGION_ID for node ""
Warning (136002): Ignored duplicate of assignment CROSS_BOUNDARY_OPTIMIZATIONS for node ""
Warning (136002): Ignored duplicate of assignment PROPAGATE_CONSTANTS_ON_INPUTS for node ""
Warning (136002): Ignored duplicate of assignment PROPAGATE_INVERSIONS_ON_INPUTS for node ""
Warning (136002): Ignored duplicate of assignment REMOVE_LOGIC_ON_UNCONNECTED_OUTPUTS for node ""
Warning (136002): Ignored duplicate of assignment MERGE_EQUIVALENT_INPUTS for node ""
Warning (136002): Ignored duplicate of assignment MERGE_EQUIVALENT_BIDIRS for node ""
Warning (136002): Ignored duplicate of assignment ABSORB_PATHS_FROM_OUTPUTS_TO_INPUTS for node ""
Warning (136002): Ignored duplicate of assignment PARTITION_EXTRACT_HARD_BLOCK_NODES for node ""
Warning (136002): Ignored duplicate of assignment PARTITION_BACK_ANNOTATION for node ""
Warning (136002): Ignored duplicate of assignment PARTITION_COLOR for node ""
Warning (136002): Ignored duplicate of assignment HIERARCHY_BLACKBOX_FILE for node "|"
Warning (136002): Ignored duplicate of assignment PARTITION_SOURCE for node ""
Warning (136002): Ignored duplicate of assignment PARTITION_PRESERVE_HIGH_SPEED_TILES for node ""
Warning (136002): Ignored duplicate of assignment PARTITION_IGNORE_SOURCE_FILE_CHANGES for node ""
Warning (136002): Ignored duplicate of assignment PARTITION_ALWAYS_USE_QXP_NETLIST for node ""
Warning (136002): Ignored duplicate of assignment PARTITION_IMPORT_NEW_ASSIGNMENTS for node ""
Warning (136002): Ignored duplicate of assignment PARTITION_IMPORT_EXISTING_ASSIGNMENTS for node ""
Warning (136002): Ignored duplicate of assignment PARTITION_IMPORT_EXISTING_LOGICLOCK_REGIONS for node ""
Warning (136002): Ignored duplicate of assignment PARTITION_IMPORT_PIN_ASSIGNMENTS for node ""
Warning (136002): Ignored duplicate of assignment PARTITION_IMPORT_PROMOTE_ASSIGNMENTS for node ""
Warning (136002): Ignored duplicate of assignment PARTITION_TYPE for node ""
Warning (136002): Ignored duplicate of assignment ALLOW_MULTIPLE_PERSONAS for node ""
Warning (136002): Ignored duplicate of assignment PARTITION_ASD_REGION_ID for node ""
Warning (136002): Ignored duplicate of assignment CROSS_BOUNDARY_OPTIMIZATIONS for node ""
Warning (136002): Ignored duplicate of assignment PROPAGATE_CONSTANTS_ON_INPUTS for node ""
Warning (136002): Ignored duplicate of assignment PROPAGATE_INVERSIONS_ON_INPUTS for node ""
Warning (136002): Ignored duplicate of assignment REMOVE_LOGIC_ON_UNCONNECTED_OUTPUTS for node ""
Warning (136002): Ignored duplicate of assignment MERGE_EQUIVALENT_INPUTS for node ""
Warning (136002): Ignored duplicate of assignment MERGE_EQUIVALENT_BIDIRS for node ""
Warning (136002): Ignored duplicate of assignment ABSORB_PATHS_FROM_OUTPUTS_TO_INPUTS for node ""
Warning (136002): Ignored duplicate of assignment PARTITION_EXTRACT_HARD_BLOCK_NODES for node ""
Warning (136002): Ignored duplicate of assignment PARTITION_BACK_ANNOTATION for node ""
Warning (136002): Ignored duplicate of assignment PARTITION_COLOR for node ""
Warning (136002): Ignored duplicate of assignment HIERARCHY_BLACKBOX_FILE for node "|"
Warning (136002): Ignored duplicate of assignment PARTITION_SOURCE for node ""
Warning (136002): Ignored duplicate of assignment PARTITION_PRESERVE_HIGH_SPEED_TILES for node ""
Warning (136002): Ignored duplicate of assignment PARTITION_IGNORE_SOURCE_FILE_CHANGES for node ""
Warning (136002): Ignored duplicate of assignment PARTITION_ALWAYS_USE_QXP_NETLIST for node ""
Warning (136002): Ignored duplicate of assignment PARTITION_IMPORT_NEW_ASSIGNMENTS for node ""
Warning (136002): Ignored duplicate of assignment PARTITION_IMPORT_EXISTING_ASSIGNMENTS for node ""
Warning (136002): Ignored duplicate of assignment PARTITION_IMPORT_EXISTING_LOGICLOCK_REGIONS for node ""
Warning (136002): Ignored duplicate of assignment PARTITION_IMPORT_PIN_ASSIGNMENTS for node ""
Warning (136002): Ignored duplicate of assignment PARTITION_IMPORT_PROMOTE_ASSIGNMENTS for node ""
Warning (136002): Ignored duplicate of assignment PARTITION_TYPE for node ""
Warning (136002): Ignored duplicate of assignment ALLOW_MULTIPLE_PERSONAS for node ""
Warning (136002): Ignored duplicate of assignment PARTITION_ASD_REGION_ID for node ""
Warning (136002): Ignored duplicate of assignment CROSS_BOUNDARY_OPTIMIZATIONS for node ""
Warning (136002): Ignored duplicate of assignment PROPAGATE_CONSTANTS_ON_INPUTS for node ""
Warning (136002): Ignored duplicate of assignment PROPAGATE_INVERSIONS_ON_INPUTS for node ""
Warning (136002): Ignored duplicate of assignment REMOVE_LOGIC_ON_UNCONNECTED_OUTPUTS for node ""
Warning (136002): Ignored duplicate of assignment MERGE_EQUIVALENT_INPUTS for node ""
Warning (136002): Ignored duplicate of assignment MERGE_EQUIVALENT_BIDIRS for node ""
Warning (136002): Ignored duplicate of assignment ABSORB_PATHS_FROM_OUTPUTS_TO_INPUTS for node ""
Warning (136002): Ignored duplicate of assignment PARTITION_EXTRACT_HARD_BLOCK_NODES for node ""
Warning (136002): Ignored duplicate of assignment PARTITION_BACK_ANNOTATION for node ""
Warning (136002): Ignored duplicate of assignment PARTITION_COLOR for node ""
Warning (136002): Ignored duplicate of assignment HIERARCHY_BLACKBOX_FILE for node "|"
Warning (20028): Parallel compilation is not licensed and has been disabled
Info (12021): Found 1 design units, including 1 entities, in source file breakout_game.v
    Info (12023): Found entity 1: breakout_game
Info (12021): Found 1 design units, including 1 entities, in source file game.v
    Info (12023): Found entity 1: game
Info (12021): Found 1 design units, including 1 entities, in source file /users/abel/desktop/final_proj-20191206t231255z-001/final_proj/vga640x480.v
    Info (12023): Found entity 1: vga640x480
Warning (12019): Can't analyze file -- file output_files/pong_game.v is missing
Info (12021): Found 1 design units, including 1 entities, in source file seg_display.v
    Info (12023): Found entity 1: seg_display
Critical Warning (10846): Verilog HDL Instantiation warning at game.v(51): instance has no name
Info (12127): Elaborating entity "game" for the top level hierarchy
Warning (10230): Verilog HDL assignment warning at game.v(68): truncated value with size 32 to match size of target (1)
Warning (10230): Verilog HDL assignment warning at game.v(69): truncated value with size 32 to match size of target (1)
Warning (10230): Verilog HDL assignment warning at game.v(70): truncated value with size 32 to match size of target (1)
Warning (10230): Verilog HDL assignment warning at game.v(71): truncated value with size 32 to match size of target (1)
Warning (10240): Verilog HDL Always Construct warning at game.v(95): inferring latch(es) for variable "breakout_start", which holds its previous value in one or more paths through the always construct
Warning (10240): Verilog HDL Always Construct warning at game.v(95): inferring latch(es) for variable "pong_start", which holds its previous value in one or more paths through the always construct
Info (10041): Inferred latch for "pong_start" at game.v(95)
Info (10041): Inferred latch for "breakout_start" at game.v(95)
Info (12128): Elaborating entity "vga640x480" for hierarchy "vga640x480:display"
Warning (10230): Verilog HDL assignment warning at vga640x480.v(33): truncated value with size 32 to match size of target (10)
Warning (10230): Verilog HDL assignment warning at vga640x480.v(34): truncated value with size 32 to match size of target (9)
Warning (10230): Verilog HDL assignment warning at vga640x480.v(60): truncated value with size 32 to match size of target (10)
Warning (10230): Verilog HDL assignment warning at vga640x480.v(63): truncated value with size 32 to match size of target (10)
Warning (12125): Using design file keyboard_press_driver.v, which is not specified as a design file for the current project, but contains definitions for 1 design units and 1 entities in project
    Info (12023): Found entity 1: keyboard_press_driver
Info (12128): Elaborating entity "keyboard_press_driver" for hierarchy "keyboard_press_driver:comb_10"
Warning (12125): Using design file keyboard_inner_driver.v, which is not specified as a design file for the current project, but contains definitions for 1 design units and 1 entities in project
    Info (12023): Found entity 1: keyboard_inner_driver
Info (12128): Elaborating entity "keyboard_inner_driver" for hierarchy "keyboard_press_driver:comb_10|keyboard_inner_driver:kbd"
Info (12128): Elaborating entity "breakout_game" for hierarchy "breakout_game:game1"
Warning (10240): Verilog HDL Always Construct warning at breakout_game.v(221): inferring latch(es) for variable "done", which holds its previous value in one or more paths through the always construct
Warning (10270): Verilog HDL Case Statement warning at breakout_game.v(328): incomplete case statement has no default case item
Warning (10240): Verilog HDL Always Construct warning at breakout_game.v(328): inferring latch(es) for variable "br_vga_r", which holds its previous value in one or more paths through the always construct
Warning (10240): Verilog HDL Always Construct warning at breakout_game.v(328): inferring latch(es) for variable "br_vga_g", which holds its previous value in one or more paths through the always construct
Warning (10240): Verilog HDL Always Construct warning at breakout_game.v(328): inferring latch(es) for variable "br_vga_b", which holds its previous value in one or more paths through the always construct
Warning (10230): Verilog HDL assignment warning at breakout_game.v(600): truncated value with size 32 to match size of target (1)
Warning (10230): Verilog HDL assignment warning at breakout_game.v(602): truncated value with size 32 to match size of target (1)
Warning (10230): Verilog HDL assignment warning at breakout_game.v(603): truncated value with size 32 to match size of target (1)
Warning (10230): Verilog HDL assignment warning at breakout_game.v(604): truncated value with size 32 to match size of target (1)
Warning (10230): Verilog HDL assignment warning at breakout_game.v(605): truncated value with size 32 to match size of target (1)
Warning (10230): Verilog HDL assignment warning at breakout_game.v(606): truncated value with size 32 to match size of target (1)
Warning (10230): Verilog HDL assignment warning at breakout_game.v(609): truncated value with size 32 to match size of target (1)
Warning (10230): Verilog HDL assignment warning at breakout_game.v(610): truncated value with size 32 to match size of target (1)
Warning (10230): Verilog HDL assignment warning at breakout_game.v(611): truncated value with size 32 to match size of target (1)
Warning (10230): Verilog HDL assignment warning at breakout_game.v(612): truncated value with size 32 to match size of target (1)
Warning (10230): Verilog HDL assignment warning at breakout_game.v(613): truncated value with size 32 to match size of target (1)
Warning (10230): Verilog HDL assignment warning at breakout_game.v(614): truncated value with size 32 to match size of target (1)
Warning (10230): Verilog HDL assignment warning at breakout_game.v(617): truncated value with size 32 to match size of target (1)
Warning (10230): Verilog HDL assignment warning at breakout_game.v(618): truncated value with size 32 to match size of target (1)
Warning (10230): Verilog HDL assignment warning at breakout_game.v(619): truncated value with size 32 to match size of target (1)
Warning (10230): Verilog HDL assignment warning at breakout_game.v(620): truncated value with size 32 to match size of target (1)
Warning (10230): Verilog HDL assignment warning at breakout_game.v(621): truncated value with size 32 to match size of target (1)
Warning (10230): Verilog HDL assignment warning at breakout_game.v(622): truncated value with size 32 to match size of target (1)
Warning (10230): Verilog HDL assignment warning at breakout_game.v(625): truncated value with size 32 to match size of target (1)
Warning (10230): Verilog HDL assignment warning at breakout_game.v(626): truncated value with size 32 to match size of target (1)
Warning (10230): Verilog HDL assignment warning at breakout_game.v(627): truncated value with size 32 to match size of target (1)
Warning (10230): Verilog HDL assignment warning at breakout_game.v(628): truncated value with size 32 to match size of target (1)
Warning (10230): Verilog HDL assignment warning at breakout_game.v(629): truncated value with size 32 to match size of target (1)
Warning (10230): Verilog HDL assignment warning at breakout_game.v(630): truncated value with size 32 to match size of target (1)
Info (10041): Inferred latch for "br_vga_b[0]" at breakout_game.v(328)
Info (10041): Inferred latch for "br_vga_b[1]" at breakout_game.v(328)
Info (10041): Inferred latch for "br_vga_b[2]" at breakout_game.v(328)
Info (10041): Inferred latch for "br_vga_b[3]" at breakout_game.v(328)
Info (10041): Inferred latch for "br_vga_g[0]" at breakout_game.v(328)
Info (10041): Inferred latch for "br_vga_g[1]" at breakout_game.v(328)
Info (10041): Inferred latch for "br_vga_g[2]" at breakout_game.v(328)
Info (10041): Inferred latch for "br_vga_g[3]" at breakout_game.v(328)
Info (10041): Inferred latch for "br_vga_r[0]" at breakout_game.v(328)
Info (10041): Inferred latch for "br_vga_r[1]" at breakout_game.v(328)
Info (10041): Inferred latch for "br_vga_r[2]" at breakout_game.v(328)
Info (10041): Inferred latch for "br_vga_r[3]" at breakout_game.v(328)
Info (10041): Inferred latch for "done" at breakout_game.v(221)
Warning (12125): Using design file pong_game.v, which is not specified as a design file for the current project, but contains definitions for 1 design units and 1 entities in project
    Info (12023): Found entity 1: pong_game
Info (12128): Elaborating entity "pong_game" for hierarchy "pong_game:game2"
Warning (10036): Verilog HDL or VHDL warning at pong_game.v(191): object "sq_b" assigned a value but never read
Warning (10230): Verilog HDL assignment warning at pong_game.v(77): truncated value with size 8 to match size of target (2)
Warning (10270): Verilog HDL Case Statement warning at pong_game.v(47): incomplete case statement has no default case item
Warning (10240): Verilog HDL Always Construct warning at pong_game.v(47): inferring latch(es) for variable "ball_x_sp", which holds its previous value in one or more paths through the always construct
Warning (10240): Verilog HDL Always Construct warning at pong_game.v(47): inferring latch(es) for variable "ball_y_sp", which holds its previous value in one or more paths through the always construct
Warning (10240): Verilog HDL Always Construct warning at pong_game.v(85): inferring latch(es) for variable "done", which holds its previous value in one or more paths through the always construct
Warning (10270): Verilog HDL Case Statement warning at pong_game.v(197): incomplete case statement has no default case item
Warning (10240): Verilog HDL Always Construct warning at pong_game.v(197): inferring latch(es) for variable "pg_vga_b", which holds its previous value in one or more paths through the always construct
Warning (10240): Verilog HDL Always Construct warning at pong_game.v(197): inferring latch(es) for variable "pg_vga_r", which holds its previous value in one or more paths through the always construct
Warning (10240): Verilog HDL Always Construct warning at pong_game.v(197): inferring latch(es) for variable "pg_vga_g", which holds its previous value in one or more paths through the always construct
Warning (10230): Verilog HDL assignment warning at pong_game.v(356): truncated value with size 32 to match size of target (1)
Warning (10230): Verilog HDL assignment warning at pong_game.v(357): truncated value with size 32 to match size of target (1)
Warning (10230): Verilog HDL assignment warning at pong_game.v(359): truncated value with size 32 to match size of target (1)
Warning (10230): Verilog HDL assignment warning at pong_game.v(360): truncated value with size 32 to match size of target (1)
Warning (10230): Verilog HDL assignment warning at pong_game.v(361): truncated value with size 32 to match size of target (1)
Warning (10230): Verilog HDL assignment warning at pong_game.v(362): truncated value with size 32 to match size of target (1)
Warning (10230): Verilog HDL assignment warning at pong_game.v(363): truncated value with size 32 to match size of target (1)
Info (10041): Inferred latch for "pg_vga_g[0]" at pong_game.v(197)
Info (10041): Inferred latch for "pg_vga_g[1]" at pong_game.v(197)
Info (10041): Inferred latch for "pg_vga_g[2]" at pong_game.v(197)
Info (10041): Inferred latch for "pg_vga_g[3]" at pong_game.v(197)
Info (10041): Inferred latch for "pg_vga_r[0]" at pong_game.v(197)
Info (10041): Inferred latch for "pg_vga_r[1]" at pong_game.v(197)
Info (10041): Inferred latch for "pg_vga_r[2]" at pong_game.v(197)
Info (10041): Inferred latch for "pg_vga_r[3]" at pong_game.v(197)
Info (10041): Inferred latch for "pg_vga_b[0]" at pong_game.v(197)
Info (10041): Inferred latch for "pg_vga_b[1]" at pong_game.v(197)
Info (10041): Inferred latch for "pg_vga_b[2]" at pong_game.v(197)
Info (10041): Inferred latch for "pg_vga_b[3]" at pong_game.v(197)
Info (10041): Inferred latch for "done" at pong_game.v(85)
Info (10041): Inferred latch for "ball_y_sp[0]" at pong_game.v(47)
Info (10041): Inferred latch for "ball_y_sp[1]" at pong_game.v(47)
Info (10041): Inferred latch for "ball_x_sp[0]" at pong_game.v(47)
Info (10041): Inferred latch for "ball_x_sp[1]" at pong_game.v(47)
Info (12128): Elaborating entity "seg_display" for hierarchy "pong_game:game2|seg_display:p1_score_dis"
Info (278001): Inferred 4 megafunctions from design logic
    Info (278002): Inferred adder/subtractor megafunction ("lpm_add_sub") from the following logic: "pong_game:game2|Add9"
    Info (278002): Inferred adder/subtractor megafunction ("lpm_add_sub") from the following logic: "breakout_game:game1|Add7"
    Info (278002): Inferred adder/subtractor megafunction ("lpm_add_sub") from the following logic: "pong_game:game2|Add7"
    Info (278002): Inferred adder/subtractor megafunction ("lpm_add_sub") from the following logic: "breakout_game:game1|Add5"
Info (12130): Elaborated megafunction instantiation "pong_game:game2|lpm_add_sub:Add9"
Info (12133): Instantiated megafunction "pong_game:game2|lpm_add_sub:Add9" with the following parameter:
    Info (12134): Parameter "LPM_WIDTH" = "9"
    Info (12134): Parameter "LPM_DIRECTION" = "DEFAULT"
    Info (12134): Parameter "LPM_REPRESENTATION" = "UNSIGNED"
    Info (12134): Parameter "ONE_INPUT_IS_CONSTANT" = "NO"
Info (12021): Found 1 design units, including 1 entities, in source file db/add_sub_rpi.tdf
    Info (12023): Found entity 1: add_sub_rpi
Info (12130): Elaborated megafunction instantiation "breakout_game:game1|lpm_add_sub:Add7"
Info (12133): Instantiated megafunction "breakout_game:game1|lpm_add_sub:Add7" with the following parameter:
    Info (12134): Parameter "LPM_WIDTH" = "9"
    Info (12134): Parameter "LPM_DIRECTION" = "DEFAULT"
    Info (12134): Parameter "LPM_REPRESENTATION" = "UNSIGNED"
    Info (12134): Parameter "ONE_INPUT_IS_CONSTANT" = "NO"
Info (12130): Elaborated megafunction instantiation "pong_game:game2|lpm_add_sub:Add7"
Info (12133): Instantiated megafunction "pong_game:game2|lpm_add_sub:Add7" with the following parameter:
    Info (12134): Parameter "LPM_WIDTH" = "10"
    Info (12134): Parameter "LPM_DIRECTION" = "DEFAULT"
    Info (12134): Parameter "LPM_REPRESENTATION" = "UNSIGNED"
    Info (12134): Parameter "ONE_INPUT_IS_CONSTANT" = "NO"
Info (12021): Found 1 design units, including 1 entities, in source file db/add_sub_3ri.tdf
    Info (12023): Found entity 1: add_sub_3ri
Warning (12241): 1 hierarchies have connectivity warnings - see the Connectivity Checks report folder
Info (13025): Duplicate LATCH primitives merged into single LATCH primitive
    Info (13026): Duplicate LATCH primitive "pong_game:game2|pg_vga_r[2]" merged with LATCH primitive "pong_game:game2|pg_vga_r[0]"
    Info (13026): Duplicate LATCH primitive "pong_game:game2|pg_vga_r[1]" merged with LATCH primitive "pong_game:game2|pg_vga_r[0]"
    Info (13026): Duplicate LATCH primitive "pong_game:game2|pg_vga_g[3]" merged with LATCH primitive "pong_game:game2|pg_vga_r[0]"
    Info (13026): Duplicate LATCH primitive "pong_game:game2|pg_vga_g[2]" merged with LATCH primitive "pong_game:game2|pg_vga_r[0]"
    Info (13026): Duplicate LATCH primitive "pong_game:game2|pg_vga_g[1]" merged with LATCH primitive "pong_game:game2|pg_vga_r[0]"
    Info (13026): Duplicate LATCH primitive "pong_game:game2|pg_vga_g[0]" merged with LATCH primitive "pong_game:game2|pg_vga_r[0]"
    Info (13026): Duplicate LATCH primitive "pong_game:game2|pg_vga_b[2]" merged with LATCH primitive "pong_game:game2|pg_vga_r[0]"
    Info (13026): Duplicate LATCH primitive "pong_game:game2|pg_vga_b[1]" merged with LATCH primitive "pong_game:game2|pg_vga_r[0]"
    Info (13026): Duplicate LATCH primitive "pong_game:game2|pg_vga_b[0]" merged with LATCH primitive "pong_game:game2|pg_vga_r[0]"
    Info (13026): Duplicate LATCH primitive "breakout_game:game1|br_vga_r[3]" merged with LATCH primitive "breakout_game:game1|br_vga_r[0]"
    Info (13026): Duplicate LATCH primitive "breakout_game:game1|br_vga_r[2]" merged with LATCH primitive "breakout_game:game1|br_vga_r[0]"
    Info (13026): Duplicate LATCH primitive "breakout_game:game1|br_vga_r[1]" merged with LATCH primitive "breakout_game:game1|br_vga_r[0]"
    Info (13026): Duplicate LATCH primitive "breakout_game:game1|br_vga_g[3]" merged with LATCH primitive "breakout_game:game1|br_vga_g[0]"
    Info (13026): Duplicate LATCH primitive "breakout_game:game1|br_vga_g[2]" merged with LATCH primitive "breakout_game:game1|br_vga_g[0]"
    Info (13026): Duplicate LATCH primitive "breakout_game:game1|br_vga_g[1]" merged with LATCH primitive "breakout_game:game1|br_vga_g[0]"
    Info (13026): Duplicate LATCH primitive "breakout_game:game1|br_vga_b[3]" merged with LATCH primitive "breakout_game:game1|br_vga_b[0]"
    Info (13026): Duplicate LATCH primitive "breakout_game:game1|br_vga_b[2]" merged with LATCH primitive "breakout_game:game1|br_vga_b[0]"
    Info (13026): Duplicate LATCH primitive "breakout_game:game1|br_vga_b[1]" merged with LATCH primitive "breakout_game:game1|br_vga_b[0]"
Warning (13012): Latch breakout_game:game1|br_vga_r[0] has unsafe behavior
    Warning (13013): Ports D and ENA on the latch are fed by the same signal breakout_game:game1|s[1]
Warning (13012): Latch pong_game:game2|pg_vga_r[3] has unsafe behavior
    Warning (13013): Ports D and ENA on the latch are fed by the same signal pong_game:game2|s[1]
Warning (13012): Latch breakout_game:game1|br_vga_g[0] has unsafe behavior
    Warning (13013): Ports D and ENA on the latch are fed by the same signal breakout_game:game1|s[1]
Warning (13012): Latch pong_game:game2|pg_vga_b[3] has unsafe behavior
    Warning (13013): Ports D and ENA on the latch are fed by the same signal pong_game:game2|s[1]
Warning (13012): Latch breakout_game:game1|done has unsafe behavior
    Warning (13013): Ports D and ENA on the latch are fed by the same signal breakout_game:game1|s[0]
Warning (13012): Latch pong_game:game2|done has unsafe behavior
    Warning (13013): Ports D and ENA on the latch are fed by the same signal pong_game:game2|s[0]
Warning (13012): Latch pong_game:game2|ball_y_sp[1] has unsafe behavior
    Warning (13013): Ports D and ENA on the latch are fed by the same signal pong_game:game2|s[1]
Warning (13012): Latch pong_game:game2|ball_y_sp[0] has unsafe behavior
    Warning (13013): Ports D and ENA on the latch are fed by the same signal pong_game:game2|s[1]
Warning (13012): Latch pong_game:game2|ball_x_sp[1] has unsafe behavior
    Warning (13013): Ports D and ENA on the latch are fed by the same signal pong_game:game2|s[1]
Warning (13012): Latch pong_game:game2|ball_x_sp[0] has unsafe behavior
    Warning (13013): Ports D and ENA on the latch are fed by the same signal pong_game:game2|s[1]
Info (17049): 25 registers lost all their fanouts during netlist optimizations.
Info (144001): Generated suppressed messages file C:/Users/Abel/Desktop/final_proj/output_files/game.map.smsg
Info (16010): Generating hard_block partition "hard_block:auto_generated_inst"
    Info (16011): Adding 0 node(s), including 0 DDIO, 0 PLL, 0 transceiver and 0 LCELL
Warning (21074): Design contains 2 input pin(s) that do not drive logic
    Warning (15610): No output dependent on input pin "PS2_DAT"
    Warning (15610): No output dependent on input pin "PS2_CLK"
Info (21057): Implemented 1249 device resources after synthesis - the final resource count might be different
    Info (21058): Implemented 8 input pins
    Info (21059): Implemented 28 output pins
    Info (21061): Implemented 1213 logic cells
Info: Quartus II 64-Bit Analysis & Synthesis was successful. 0 errors, 178 warnings
    Info: Peak virtual memory: 4609 megabytes
    Info: Processing ended: Fri Dec 13 09:30:46 2019
    Info: Elapsed time: 00:00:07
    Info: Total CPU time (on all processors): 00:00:06


+------------------------------------------+
; Analysis & Synthesis Suppressed Messages ;
+------------------------------------------+
The suppressed messages can be found in C:/Users/Abel/Desktop/final_proj/output_files/game.map.smsg.


